<< CAP LS
<< NICK mangue
<< USER mangue mangue irc.dal.net :mangue
>> :punch.wa.us.dal.net NOTICE AUTH :*** Looking up your hostname...
>> :punch.wa.us.dal.net NOTICE AUTH :*** Found your hostname
>> :punch.wa.us.dal.net 001 mangue :Welcome to the DALnet IRC Network mangue!~mangue@37.169.60.35
<< MODE mangue +i
>> :punch.wa.us.dal.net 002 mangue :Your host is punch.wa.us.dal.net, running version bahamut-2.2.3
>> :punch.wa.us.dal.net 003 mangue :This server was created Mon Dec 11 2023 at 20:33:25 UTC
>> :punch.wa.us.dal.net 004 mangue punch.wa.us.dal.net bahamut-2.2.3 aAbcCdefFghHiIjkKmnoOPrRsSwxXy AbceiIjklLmMnoOpPrRsStv beIjklov
>> :punch.wa.us.dal.net 005 mangue NETWORK=DALnet SAFELIST MAXBANS=200 MAXCHANNELS=50 CHANNELLEN=32 KICKLEN=307 NICKLEN=30 TOPICLEN=307 MODES=6 CHANTYPES=# CHANLIMIT=#:50 PREFIX=(ohv)@%+ STATUSMSG=@%+ :are available on this server
>> :punch.wa.us.dal.net 005 mangue CASEMAPPING=ascii WATCH=128 SILENCE=10 ELIST=cmntu EXCEPTS INVEX CHANMODES=beI,k,jl,ciPAmMnOprRsSt MAXLIST=b:200,e:100,I:100 TARGMAX=DCCALLOW:,JOIN:,KICK:4,KILL:20,NOTICE:20,PART:,PRIVMSG:20,WHOIS:,WHOWAS: :are available on this server
>> :punch.wa.us.dal.net 251 mangue :There are 69 users and 6893 invisible on 39 servers
>> :punch.wa.us.dal.net 252 mangue 80 :IRC Operators online
>> :punch.wa.us.dal.net 254 mangue 3474 :channels formed
>> :punch.wa.us.dal.net 255 mangue :I have 174 clients and 1 servers
>> :punch.wa.us.dal.net 265 mangue :Current local users: 174 Max: 2105
>> :punch.wa.us.dal.net 266 mangue :Current global users: 6962 Max: 12060
>> :punch.wa.us.dal.net NOTICE mangue :*** Notice -- motd was last changed at 14/8/2020 11:15
>> :punch.wa.us.dal.net NOTICE mangue :*** Notice -- Please read the motd if you haven't read it
>> :punch.wa.us.dal.net 375 mangue :- punch.wa.us.dal.net Message of the Day - 
>> :punch.wa.us.dal.net 372 mangue :- 
>> :punch.wa.us.dal.net 372 mangue :- Welcome to DALnet!  This is punch.wa.us.dal.net, and YOU are
>> :punch.wa.us.dal.net 372 mangue :- the reason punch.* is here!
>> :punch.wa.us.dal.net 372 mangue :- 
>> :punch.wa.us.dal.net 372 mangue :-                     SERVER RULES:                   
>> :punch.wa.us.dal.net 372 mangue :-                                                      
>> :punch.wa.us.dal.net 372 mangue :-       IMPERSONATION, CLONING, SPAMMING, FLOODING,    
>> :punch.wa.us.dal.net 372 mangue :-             OR ANY OTHER KIND OF ABUSE CAN             
>> :punch.wa.us.dal.net 372 mangue :-        AND WILL CAUSE YOU TO BE BANNED FROM THIS      
>> :punch.wa.us.dal.net 372 mangue :-                SERVER AT ANY GIVEN TIME               
>> :punch.wa.us.dal.net 372 mangue :- 
>> :punch.wa.us.dal.net 372 mangue :- We reserve the right to deny access to this server without
>> :punch.wa.us.dal.net 372 mangue :- warning or explanation.  Usage is governed by the DALnet
>> :punch.wa.us.dal.net 372 mangue :- AUP at <http://www.dal.net/aup/>.
>> :punch.wa.us.dal.net 372 mangue :- 
>> :punch.wa.us.dal.net 372 mangue :-   * For help:                      /join #help              *
>> :punch.wa.us.dal.net 372 mangue :-   * For IRCop/CSop assistance:     /join #OperHelp          *
>> :punch.wa.us.dal.net 372 mangue :-   * For multilingual information:  <http://docs.dal.net/>   *
>> :punch.wa.us.dal.net 372 mangue :-   * For server related problems:   punch-staff@dal.net      *
>> :punch.wa.us.dal.net 372 mangue :- 
>> :punch.wa.us.dal.net 372 mangue :- For assistance with trojan or virus removal please /join #NoHack
>> :punch.wa.us.dal.net 372 mangue :- 
>> :punch.wa.us.dal.net 372 mangue :- This server does not check for ident, and does not support ident.
>> :punch.wa.us.dal.net 372 mangue :- To help prevent abuse, this server will check your PC for open proxy
>> :punch.wa.us.dal.net 372 mangue :- servers when you connect. If you do not want this test performed,
>> :punch.wa.us.dal.net 372 mangue :- do not connect.
>> :punch.wa.us.dal.net 372 mangue :- 
>> :punch.wa.us.dal.net 372 mangue :- Please feel free to visit the only official punch.* server channel,
>> :punch.wa.us.dal.net 372 mangue :- #punch.
>> :punch.wa.us.dal.net 372 mangue :- 
>> :punch.wa.us.dal.net 372 mangue :- Are you using SSL?  If not, why not?  Point your IRC client to
>> :punch.wa.us.dal.net 372 mangue :- TCP 6697 on punch.dal.net for encrypted chatting!
>> :punch.wa.us.dal.net 372 mangue :- 
>> :punch.wa.us.dal.net 372 mangue :- More useful:
>> :punch.wa.us.dal.net 372 mangue :- 
>> :punch.wa.us.dal.net 372 mangue :- Some children saw Nasreddin coming from the vineyard with two
>> :punch.wa.us.dal.net 372 mangue :- baskets full of grapes loaded on his donkey. They gathered around
>> :punch.wa.us.dal.net 372 mangue :- him and asked him to give them a taste.  Nasreddin picked up a
>> :punch.wa.us.dal.net 372 mangue :- bunch of grapes and gave each child a grape.  "You have so much,
>> :punch.wa.us.dal.net 372 mangue :- but you gave us so little," the children whined.  "There is no
>> :punch.wa.us.dal.net 372 mangue :- difference whether you have a basketful or a small piece. They
>> :punch.wa.us.dal.net 372 mangue :- all taste the same," Nasreddin answered, and continued on his way.
>> :punch.wa.us.dal.net 372 mangue :- 
>> :punch.wa.us.dal.net 372 mangue :- Your hosts are:
>> :punch.wa.us.dal.net 372 mangue :- 
>> :punch.wa.us.dal.net 372 mangue :-    robt@DAL.net     - Administrator
>> :punch.wa.us.dal.net 372 mangue :-    visigoth@DAL.net - IRC Operator, Services Administrator
>> :punch.wa.us.dal.net 372 mangue :-    key@DAL.net      - IRC Operator
>> :punch.wa.us.dal.net 372 mangue :- 
>> :punch.wa.us.dal.net 372 mangue :- Please enjoy your stay and thank you for being part of DALnet!
>> :punch.wa.us.dal.net 372 mangue :- 
>> :punch.wa.us.dal.net 376 mangue :End of /MOTD command.
>> :punch.wa.us.dal.net NOTICE mangue :*** Notice -- This server runs an open proxy monitor to prevent abuse.
>> :punch.wa.us.dal.net NOTICE mangue :*** Notice -- If you see connections on various ports from irc.dal.net
>> :punch.wa.us.dal.net NOTICE mangue :*** Notice -- please disregard them, as they are the monitor in action.
>> :punch.wa.us.dal.net NOTICE mangue :*** Notice -- For more information please visit http://kline.dal.net/proxy/
>> :mangue MODE mangue :+iH
<< PING punch.wa.us.dal.net
>> :punch.wa.us.dal.net PONG punch.wa.us.dal.net :mangue
--> lag pong
<< JOIN #lobby
>> :mangue!~mangue@628-3fd1-9851-faf3-c999.169.37.ip JOIN :#lobby
>> :punch.wa.us.dal.net 332 mangue #lobby :11,1Welcome to #Lobby ;) 0,1/ You know this place makes me wonder! .. Yea, what's that boss! .. Which would be worse to live as a monster or to die as a good man...! Shutter Island
>> :punch.wa.us.dal.net 333 mangue #lobby Wise!~Lone@93a0-2faa-bf43-7e29-f31.34.212.ip 1742424145
>> :punch.wa.us.dal.net 353 mangue = #lobby :mangue @Wise +LDa224 @kazu Whoever Sin @SmartMan 
>> :punch.wa.us.dal.net 366 mangue #lobby :End of /NAMES list.
<< MODE #lobby
>> :punch.wa.us.dal.net 324 mangue #lobby +tn 
--> chanquery mode
<< WHO #lobby
>> :punch.wa.us.dal.net 329 mangue #lobby 1738091841
--> event 329
>> :punch.wa.us.dal.net 352 mangue #lobby ~mangue 628-3fd1-9851-faf3-c999.169.37.ip punch.wa.us.dal.net mangue H :0 mangue
--> silent event who
>> :punch.wa.us.dal.net 352 mangue #lobby ~Lone 8e24-87ce-d3cf-8829-6447.139.213.ip bifrost.ca.us.dal.net Wise H@ :2 ..
--> silent event who
>> :punch.wa.us.dal.net 352 mangue #lobby sid678542 db23-2969-a31a-9022-3e35.hampstead.irccloud.com atw.hu.eu.dal.net LDa224 G+ :5 NTA
--> silent event who
>> :punch.wa.us.dal.net 352 mangue #lobby bisiklet 9ffd-b62f-477d-df8b-343a.happysrv.de lair.nl.eu.dal.net kazu G@ :5 *
--> silent event who
>> :punch.wa.us.dal.net 352 mangue #lobby Lone 4658-621e-6eb8-994-6851.2000.4cc0.2a0a.ip lair.nl.eu.dal.net Whoever H :5 (Lone)
--> silent event who
>> :punch.wa.us.dal.net 352 mangue #lobby ~SteveJ 8e2-26fc-25e2-9598-f6c2.49.71.ip lion.tx.us.dal.net Sin H :5 ...
--> silent event who
>> :punch.wa.us.dal.net 352 mangue #lobby ~Harbinger 61ec-61d0-ebaf-7e5f-c259.33.41.ip lion.tx.us.dal.net SmartMan H@ :5 SmartMan
--> silent event who
>> :punch.wa.us.dal.net 315 mangue #lobby :End of /WHO list.
--> chanquery who end
<< MODE #lobby b
>> :punch.wa.us.dal.net 368 mangue #lobby :End of Channel Ban List
--> chanquery ban end
<< PING punch.wa.us.dal.net
>> :punch.wa.us.dal.net PONG punch.wa.us.dal.net :mangue
--> lag pong
<< PING punch.wa.us.dal.net
>> :punch.wa.us.dal.net PONG punch.wa.us.dal.net :mangue
--> lag pong
>> :Wise!~Lone@8e24-87ce-d3cf-8829-6447.139.213.ip MODE #lobby +o Sin
>> :Wise!~Lone@8e24-87ce-d3cf-8829-6447.139.213.ip PRIVMSG #lobby :mangue hi
<< PING punch.wa.us.dal.net
>> :punch.wa.us.dal.net PONG punch.wa.us.dal.net :mangue
--> lag pong
<< PING punch.wa.us.dal.net
>> :punch.wa.us.dal.net PONG punch.wa.us.dal.net :mangue
--> lag pong
<< PING punch.wa.us.dal.net
>> :punch.wa.us.dal.net PONG punch.wa.us.dal.net :mangue
--> lag pong
<< PING punch.wa.us.dal.net
>> :punch.wa.us.dal.net PONG punch.wa.us.dal.net :mangue
--> lag pong
<< PING punch.wa.us.dal.net
>> :punch.wa.us.dal.net PONG punch.wa.us.dal.net :mangue
--> lag pong
<< PING punch.wa.us.dal.net
>> :punch.wa.us.dal.net PONG punch.wa.us.dal.net :mangue
--> lag pong
<< PING punch.wa.us.dal.net
>> :punch.wa.us.dal.net PONG punch.wa.us.dal.net :mangue
--> lag pong
<< PING punch.wa.us.dal.net
>> :punch.wa.us.dal.net PONG punch.wa.us.dal.net :mangue
--> lag pong
<< PING punch.wa.us.dal.net
>> :punch.wa.us.dal.net PONG punch.wa.us.dal.net :mangue
--> lag pong
<< PING punch.wa.us.dal.net
>> :punch.wa.us.dal.net PONG punch.wa.us.dal.net :mangue
--> lag pong
<< PING punch.wa.us.dal.net
>> :punch.wa.us.dal.net PONG punch.wa.us.dal.net :mangue
--> lag pong
<< PING punch.wa.us.dal.net
>> :punch.wa.us.dal.net PONG punch.wa.us.dal.net :mangue
--> lag pong
<< PING punch.wa.us.dal.net
>> :punch.wa.us.dal.net PONG punch.wa.us.dal.net :mangue
--> lag pong
<< PING punch.wa.us.dal.net
>> :punch.wa.us.dal.net PONG punch.wa.us.dal.net :mangue
--> lag pong
<< PING punch.wa.us.dal.net
>> :punch.wa.us.dal.net PONG punch.wa.us.dal.net :mangue
--> lag pong
<< PING punch.wa.us.dal.net
>> :punch.wa.us.dal.net PONG punch.wa.us.dal.net :mangue
--> lag pong
<< PING punch.wa.us.dal.net
>> :punch.wa.us.dal.net PONG punch.wa.us.dal.net :mangue
--> lag pong
<< PING punch.wa.us.dal.net
>> :punch.wa.us.dal.net PONG punch.wa.us.dal.net :mangue
--> lag pong
<< PING punch.wa.us.dal.net
>> :punch.wa.us.dal.net PONG punch.wa.us.dal.net :mangue
--> lag pong
<< PING punch.wa.us.dal.net
>> :punch.wa.us.dal.net PONG punch.wa.us.dal.net :mangue
--> lag pong
<< PING punch.wa.us.dal.net
>> :punch.wa.us.dal.net PONG punch.wa.us.dal.net :mangue
--> lag pong
<< PING punch.wa.us.dal.net
>> :punch.wa.us.dal.net PONG punch.wa.us.dal.net :mangue
--> lag pong
<< PING punch.wa.us.dal.net
>> :punch.wa.us.dal.net PONG punch.wa.us.dal.net :mangue
--> lag pong
<< PING punch.wa.us.dal.net
>> :punch.wa.us.dal.net PONG punch.wa.us.dal.net :mangue
--> lag pong
<< PING punch.wa.us.dal.net
>> :punch.wa.us.dal.net PONG punch.wa.us.dal.net :mangue
--> lag pong
<< PING punch.wa.us.dal.net
>> :punch.wa.us.dal.net PONG punch.wa.us.dal.net :mangue
--> lag pong
<< PING punch.wa.us.dal.net
>> :punch.wa.us.dal.net PONG punch.wa.us.dal.net :mangue
--> lag pong
<< PING punch.wa.us.dal.net
>> :punch.wa.us.dal.net PONG punch.wa.us.dal.net :mangue
--> lag pong
<< PING punch.wa.us.dal.net
>> :punch.wa.us.dal.net PONG punch.wa.us.dal.net :mangue
--> lag pong
<< PING punch.wa.us.dal.net
>> :punch.wa.us.dal.net PONG punch.wa.us.dal.net :mangue
--> lag pong
<< PING punch.wa.us.dal.net
>> :punch.wa.us.dal.net PONG punch.wa.us.dal.net :mangue
--> lag pong
<< PING punch.wa.us.dal.net
>> :punch.wa.us.dal.net PONG punch.wa.us.dal.net :mangue
--> lag pong
<< PING punch.wa.us.dal.net
>> :punch.wa.us.dal.net PONG punch.wa.us.dal.net :mangue
--> lag pong
<< PING punch.wa.us.dal.net
>> :punch.wa.us.dal.net PONG punch.wa.us.dal.net :mangue
--> lag pong
<< PING punch.wa.us.dal.net
>> :punch.wa.us.dal.net PONG punch.wa.us.dal.net :mangue
--> lag pong
<< PING punch.wa.us.dal.net
>> :punch.wa.us.dal.net PONG punch.wa.us.dal.net :mangue
--> lag pong
<< PING punch.wa.us.dal.net
>> :punch.wa.us.dal.net PONG punch.wa.us.dal.net :mangue
--> lag pong
<< PING punch.wa.us.dal.net
>> :punch.wa.us.dal.net PONG punch.wa.us.dal.net :mangue
--> lag pong
>> :Wise!~Lone@8e24-87ce-d3cf-8829-6447.139.213.ip MODE #lobby +v mangue
<< PING punch.wa.us.dal.net
>> :punch.wa.us.dal.net PONG punch.wa.us.dal.net :mangue
--> lag pong
<< PING punch.wa.us.dal.net
>> :punch.wa.us.dal.net PONG punch.wa.us.dal.net :mangue
--> lag pong
<< PING punch.wa.us.dal.net
>> :punch.wa.us.dal.net PONG punch.wa.us.dal.net :mangue
--> lag pong
<< PING punch.wa.us.dal.net
>> :punch.wa.us.dal.net PONG punch.wa.us.dal.net :mangue
--> lag pong
<< PING punch.wa.us.dal.net
>> :punch.wa.us.dal.net PONG punch.wa.us.dal.net :mangue
--> lag pong
<< PING punch.wa.us.dal.net
>> :punch.wa.us.dal.net PONG punch.wa.us.dal.net :mangue
--> lag pong
<< PRIVMSG #lobby :hi
<< PING punch.wa.us.dal.net
>> :punch.wa.us.dal.net PONG punch.wa.us.dal.net :mangue
--> lag pong
<< PING punch.wa.us.dal.net
>> :punch.wa.us.dal.net PONG punch.wa.us.dal.net :mangue
--> lag pong
<< PING punch.wa.us.dal.net
>> :punch.wa.us.dal.net PONG punch.wa.us.dal.net :mangue
--> lag pong
<< PING punch.wa.us.dal.net
>> :punch.wa.us.dal.net PONG punch.wa.us.dal.net :mangue
--> lag pong
<< PING punch.wa.us.dal.net
>> :punch.wa.us.dal.net PONG punch.wa.us.dal.net :mangue
--> lag pong
<< PING punch.wa.us.dal.net
>> :punch.wa.us.dal.net PONG punch.wa.us.dal.net :mangue
--> lag pong
<< PING punch.wa.us.dal.net
>> :punch.wa.us.dal.net PONG punch.wa.us.dal.net :mangue
--> lag pong
<< QUIT :leaving
